Flow report for lab_9
Fri Mar 29 01:25:58 2019
Quartus Prime Version 18.0.0 Build 614 04/24/2018 SJ Lite Edition


---------------------
; Table of Contents ;
---------------------
  1. Legal Notice
  2. Flow Summary
  3. Flow Settings
  4. Flow Non-Default Global Settings
  5. Flow Elapsed Time
  6. Flow OS Summary
  7. Flow Log
  8. Flow Messages
  9. Flow Suppressed Messages



----------------
; Legal Notice ;
----------------
Copyright (C) 2018  Intel Corporation. All rights reserved.
Your use of Intel Corporation's design tools, logic functions 
and other software and tools, and its AMPP partner logic 
functions, and any output files from any of the foregoing 
(including device programming or simulation files), and any 
associated documentation or information are expressly subject 
to the terms and conditions of the Intel Program License 
Subscription Agreement, the Intel Quartus Prime License Agreement,
the Intel FPGA IP License Agreement, or other applicable license
agreement, including, without limitation, that your use is for
the sole purpose of programming logic devices manufactured by
Intel and sold by Intel or its authorized distributors.  Please
refer to the applicable agreement for further details.



+----------------------------------------------------------------------------------+
; Flow Summary                                                                     ;
+------------------------------------+---------------------------------------------+
; Flow Status                        ; Successful - Fri Mar 29 01:25:58 2019       ;
; Quartus Prime Version              ; 18.0.0 Build 614 04/24/2018 SJ Lite Edition ;
; Revision Name                      ; lab_9                                       ;
; Top-level Entity Name              ; lab9_top                                    ;
; Family                             ; Cyclone IV E                                ;
; Device                             ; EP4CE115F29C7                               ;
; Timing Models                      ; Final                                       ;
; Total logic elements               ; 3,127 / 114,480 ( 3 % )                     ;
;     Total combinational functions  ; 2,579 / 114,480 ( 2 % )                     ;
;     Dedicated logic registers      ; 2,024 / 114,480 ( 2 % )                     ;
; Total registers                    ; 2093                                        ;
; Total pins                         ; 142 / 529 ( 27 % )                          ;
; Total virtual pins                 ; 0                                           ;
; Total memory bits                  ; 11,392 / 3,981,312 ( < 1 % )                ;
; Embedded Multiplier 9-bit elements ; 0 / 532 ( 0 % )                             ;
; Total PLLs                         ; 1 / 4 ( 25 % )                              ;
+------------------------------------+---------------------------------------------+


+-----------------------------------------+
; Flow Settings                           ;
+-------------------+---------------------+
; Option            ; Setting             ;
+-------------------+---------------------+
; Start date & time ; 03/29/2019 01:22:41 ;
; Main task         ; Compilation         ;
; Revision Name     ; lab_9               ;
+-------------------+---------------------+


+-----------------------------------------------------------------------------------------------------------------------------------------------------+
; Flow Non-Default Global Settings                                                                                                                    ;
+-------------------------------------+------------------------------------------------------------+---------------+-----------------+----------------+
; Assignment Name                     ; Value                                                      ; Default Value ; Entity Name     ; Section Id     ;
+-------------------------------------+------------------------------------------------------------+---------------+-----------------+----------------+
; COMPILER_SIGNATURE_ID               ; 220295150437504.155384056001472                            ; --            ; --              ; --             ;
; EDA_OUTPUT_DATA_FORMAT              ; Systemverilog Hdl                                          ; --            ; --              ; eda_simulation ;
; EDA_SIMULATION_TOOL                 ; ModelSim-Altera (SystemVerilog)                            ; <None>        ; --              ; --             ;
; EDA_TIME_SCALE                      ; 1 ps                                                       ; --            ; --              ; eda_simulation ;
; MAX_CORE_JUNCTION_TEMP              ; 85                                                         ; --            ; --              ; --             ;
; MIN_CORE_JUNCTION_TEMP              ; 0                                                          ; --            ; --              ; --             ;
; MISC_FILE                           ; lab8_soc/synthesis/../lab8_soc.cmp                         ; --            ; --              ; --             ;
; MISC_FILE                           ; lab8_soc/synthesis/../../lab8_soc.qsys                     ; --            ; --              ; --             ;
; NOMINAL_CORE_SUPPLY_VOLTAGE         ; 1.2V                                                       ; --            ; --              ; --             ;
; PARTITION_COLOR                     ; -- (Not supported for targeted family)                     ; --            ; DE2_115_Default ; Top            ;
; PARTITION_COLOR                     ; -- (Not supported for targeted family)                     ; --            ; lab8            ; Top            ;
; PARTITION_COLOR                     ; -- (Not supported for targeted family)                     ; --            ; lab9_top        ; Top            ;
; PARTITION_FITTER_PRESERVATION_LEVEL ; -- (Not supported for targeted family)                     ; --            ; DE2_115_Default ; Top            ;
; PARTITION_FITTER_PRESERVATION_LEVEL ; -- (Not supported for targeted family)                     ; --            ; lab8            ; Top            ;
; PARTITION_FITTER_PRESERVATION_LEVEL ; -- (Not supported for targeted family)                     ; --            ; lab9_top        ; Top            ;
; PARTITION_NETLIST_TYPE              ; -- (Not supported for targeted family)                     ; --            ; DE2_115_Default ; Top            ;
; PARTITION_NETLIST_TYPE              ; -- (Not supported for targeted family)                     ; --            ; lab8            ; Top            ;
; PARTITION_NETLIST_TYPE              ; -- (Not supported for targeted family)                     ; --            ; lab9_top        ; Top            ;
; POWER_BOARD_THERMAL_MODEL           ; None (CONSERVATIVE)                                        ; --            ; --              ; --             ;
; POWER_PRESET_COOLING_SOLUTION       ; 23 MM HEAT SINK WITH 200 LFPM AIRFLOW                      ; --            ; --              ; --             ;
; PROJECT_OUTPUT_DIRECTORY            ; output_files                                               ; --            ; --              ; --             ;
; SLD_FILE                            ; lab8_soc/synthesis/lab8_soc.regmap                         ; --            ; --              ; --             ;
; SLD_FILE                            ; lab8_soc/synthesis/lab8_soc.debuginfo                      ; --            ; --              ; --             ;
; SLD_INFO                            ; QSYS_NAME lab8_soc HAS_SOPCINFO 1 GENERATION_ID 1553840208 ; --            ; lab8_soc        ; --             ;
; SOPCINFO_FILE                       ; lab8_soc/synthesis/../../lab8_soc.sopcinfo                 ; --            ; --              ; --             ;
; SYNTHESIS_ONLY_QIP                  ; On                                                         ; --            ; --              ; --             ;
; TOP_LEVEL_ENTITY                    ; lab9_top                                                   ; lab_9         ; --              ; --             ;
+-------------------------------------+------------------------------------------------------------+---------------+-----------------+----------------+


+--------------------------------------------------------------------------------------------------------------------------+
; Flow Elapsed Time                                                                                                        ;
+----------------------+--------------+-------------------------+---------------------+------------------------------------+
; Module Name          ; Elapsed Time ; Average Processors Used ; Peak Virtual Memory ; Total CPU Time (on all processors) ;
+----------------------+--------------+-------------------------+---------------------+------------------------------------+
; Analysis & Synthesis ; 00:01:35     ; 1.0                     ; 4952 MB             ; 00:02:29                           ;
; Fitter               ; 00:00:54     ; 1.0                     ; 5859 MB             ; 00:01:16                           ;
; Assembler            ; 00:00:08     ; 1.0                     ; 4716 MB             ; 00:00:08                           ;
; Timing Analyzer      ; 00:00:09     ; 1.2                     ; 4903 MB             ; 00:00:09                           ;
; EDA Netlist Writer   ; 00:00:15     ; 1.0                     ; 4726 MB             ; 00:00:12                           ;
; Total                ; 00:03:01     ; --                      ; --                  ; 00:04:14                           ;
+----------------------+--------------+-------------------------+---------------------+------------------------------------+


+------------------------------------------------------------------------------------+
; Flow OS Summary                                                                    ;
+----------------------+------------------+------------+------------+----------------+
; Module Name          ; Machine Hostname ; OS Name    ; OS Version ; Processor type ;
+----------------------+------------------+------------+------------+----------------+
; Analysis & Synthesis ; LAPTOP-MBGSGJI9  ; Windows 10 ; 10.0       ; x86_64         ;
; Fitter               ; LAPTOP-MBGSGJI9  ; Windows 10 ; 10.0       ; x86_64         ;
; Assembler            ; LAPTOP-MBGSGJI9  ; Windows 10 ; 10.0       ; x86_64         ;
; Timing Analyzer      ; LAPTOP-MBGSGJI9  ; Windows 10 ; 10.0       ; x86_64         ;
; EDA Netlist Writer   ; LAPTOP-MBGSGJI9  ; Windows 10 ; 10.0       ; x86_64         ;
+----------------------+------------------+------------+------------+----------------+


------------
; Flow Log ;
------------
quartus_map --read_settings_files=on --write_settings_files=off lab_9 -c lab_9
quartus_fit --read_settings_files=off --write_settings_files=off lab_9 -c lab_9
quartus_asm --read_settings_files=off --write_settings_files=off lab_9 -c lab_9
quartus_sta lab_9 -c lab_9
quartus_eda --read_settings_files=off --write_settings_files=off lab_9 -c lab_9



